[debug] [2021-09-03T16:00:51.927Z] ----------------------------------------------------------------------
[debug] [2021-09-03T16:00:51.929Z] Command:       /home/prashant/.nvm/versions/node/v16.1.0/bin/node /usr/bin/firebase init
[debug] [2021-09-03T16:00:51.930Z] CLI Version:   9.17.0
[debug] [2021-09-03T16:00:51.930Z] Platform:      linux
[debug] [2021-09-03T16:00:51.930Z] Node Version:  v16.1.0
[debug] [2021-09-03T16:00:51.930Z] Time:          Fri Sep 03 2021 21:45:51 GMT+0545 (Nepal Time)
[debug] [2021-09-03T16:00:51.931Z] ----------------------------------------------------------------------
[debug] 
[debug] [2021-09-03T16:00:51.937Z] > command requires scopes: ["email","openid","https://www.googleapis.com/auth/cloudplatformprojects.readonly","https://www.googleapis.com/auth/firebase","https://www.googleapis.com/auth/cloud-platform"]
[debug] [2021-09-03T16:00:51.937Z] > authorizing via signed-in user (prashantkhanal32@gmail.com)
[info] 
     ######## #### ########  ######## ########     ###     ######  ########
     ##        ##  ##     ## ##       ##     ##  ##   ##  ##       ##
     ######    ##  ########  ######   ########  #########  ######  ######
     ##        ##  ##    ##  ##       ##     ## ##     ##       ## ##
     ##       #### ##     ## ######## ########  ##     ##  ######  ########

You're about to initialize a Firebase project in this directory:

  /home/prashant/Documents/netflix

[info] 
=== Project Setup
[info] 
[info] First, let's associate this project directory with a Firebase project.
[info] You can create multiple project aliases by running firebase use --add, 
[info] but for now we'll just set up a default project.
[info] 
[debug] [2021-09-03T16:01:17.383Z] >>> [apiv2][query] GET https://firebase.googleapis.com/v1beta1/projects pageSize=100
[debug] [2021-09-03T16:01:18.544Z] <<< [apiv2][status] GET https://firebase.googleapis.com/v1beta1/projects 200
[debug] [2021-09-03T16:01:18.545Z] <<< [apiv2][body] GET https://firebase.googleapis.com/v1beta1/projects [omitted]
[info] i  Using project netflix-93f73 (netflix) 
[info] 
=== Hosting Setup
[info] 
[info] Your public directory is the folder (relative to your project directory) that
[info] will contain Hosting assets to be uploaded with firebase deploy. If you
[info] have a build process for your assets, use your build's output directory.
[info] 
[debug] [2021-09-03T16:02:54.896Z] >>> [apiv2][query] GET https://www.gstatic.com/firebasejs/releases.json [none]
[debug] [2021-09-03T16:02:55.606Z] <<< [apiv2][status] GET https://www.gstatic.com/firebasejs/releases.json 200
[debug] [2021-09-03T16:02:55.607Z] <<< [apiv2][body] GET https://www.gstatic.com/firebasejs/releases.json {"current":{"version":"9.0.1","browserURL":"https://www.gstatic.com/firebasejs/9.0.1/firebase.js","packageURL":"https://www.gstatic.com/firebasejs/9.0.1/firebase.tgz"},"live":{"version":"9.0","browserURL":"https://www.gstatic.com/firebasejs/live/9.0/firebase.js","packageURL":"https://www.gstatic.com/firebasejs/live/9.0/firebase.tgz"},"components":{"analytics":"https://www.gstatic.com/firebasejs/9.0.1/firebase-analytics.js","app":"https://www.gstatic.com/firebasejs/9.0.1/firebase-app.js","app-check":"https://www.gstatic.com/firebasejs/9.0.1/firebase-app-check.js","auth":"https://www.gstatic.com/firebasejs/9.0.1/firebase-auth.js","auth/cordova":"https://www.gstatic.com/firebasejs/9.0.1/firebase-auth/cordova.js","auth/react-native":"https://www.gstatic.com/firebasejs/9.0.1/firebase-auth/react-native.js","functions":"https://www.gstatic.com/firebasejs/9.0.1/firebase-functions.js","firestore":"https://www.gstatic.com/firebasejs/9.0.1/firebase-firestore.js","firestore/lite":"https://www.gstatic.com/firebasejs/9.0.1/firebase-firestore/lite.js","storage":"https://www.gstatic.com/firebasejs/9.0.1/firebase-storage.js","performance":"https://www.gstatic.com/firebasejs/9.0.1/firebase-performance.js","remote-config":"https://www.gstatic.com/firebasejs/9.0.1/firebase-remote-config.js","messaging":"https://www.gstatic.com/firebasejs/9.0.1/firebase-messaging.js","messaging/sw":"https://www.gstatic.com/firebasejs/9.0.1/firebase-messaging/sw.js","database":"https://www.gstatic.com/firebasejs/9.0.1/firebase-database.js","firestore.memory":"https://www.gstatic.com/firebasejs/9.0.1/firebase-firestore.memory.js"}}
[info] ✔  Wrote build/index.html 
[info] 
[info] i  Detected a .git folder at /home/prashant/Documents/netflix 
[info] i  Authorizing with GitHub to upload your service account to a GitHub repository's secrets store. 
[info] 
[info] Visit this URL on this device to log in:
[info] https://github.com/login/oauth/authorize?client_id=89cf50f02ac6aaed3484&state=219994913&redirect_uri=http%3A%2F%2Flocalhost%3A9005&scope=read%3Auser%20repo%20public_repo
[info] 
[info] Waiting for authentication...
[debug] [2021-09-03T16:03:04.419Z] >>> HTTP REQUEST POST https://github.com/login/oauth/access_token  
 {"client_id":"89cf50f02ac6aaed3484","client_secret":"3330d14abc895d9a74d5f17cd7a00711fa2c5bf0","code":"76377ca670c026aa92b4","redirect_uri":"http://localhost:9005","state":"219994913"}
[debug] [2021-09-03T16:03:05.006Z] <<< HTTP RESPONSE 200 {"server":"GitHub.com","date":"Fri, 03 Sep 2021 16:03:04 GMT","content-type":"application/json; charset=utf-8","transfer-encoding":"chunked","vary":"X-PJAX, X-PJAX-Container, Accept-Encoding, Accept, X-Requested-With","permissions-policy":"interest-cohort=()","etag":"W/\"4dac0bd83250fc9ee2f88410c09e6e95\"","cache-control":"max-age=0, private, must-revalidate","strict-transport-security":"max-age=31536000; includeSubdomains; preload","x-frame-options":"deny","x-content-type-options":"nosniff","x-xss-protection":"0","referrer-policy":"origin-when-cross-origin, strict-origin-when-cross-origin","expect-ct":"max-age=2592000, report-uri=\"https://api.github.com/_private/browser/errors\"","content-security-policy":"default-src 'none'; base-uri 'self'; block-all-mixed-content; connect-src 'self' uploads.github.com www.githubstatus.com collector.githubapp.com api.github.com github-cloud.s3.amazonaws.com github-production-repository-file-5c1aeb.s3.amazonaws.com github-production-upload-manifest-file-7fdce7.s3.amazonaws.com github-production-user-asset-6210df.s3.amazonaws.com cdn.optimizely.com logx.optimizely.com/v1/events translator.github.com wss://alive.github.com; font-src github.githubassets.com; form-action 'self' github.com gist.github.com; frame-ancestors 'none'; frame-src render.githubusercontent.com viewscreen.githubusercontent.com; img-src 'self' data: github.githubassets.com identicons.github.com collector.githubapp.com github-cloud.s3.amazonaws.com secured-user-images.githubusercontent.com/ *.githubusercontent.com; manifest-src 'self'; media-src 'none'; script-src github.githubassets.com; style-src 'unsafe-inline' github.githubassets.com; worker-src github.com/socket-worker-b05e50fc.js gist.github.com/socket-worker-b05e50fc.js","x-github-request-id":"850E:10A0:1684E6:18F6D7:61324738"}
[debug] [2021-09-03T16:03:05.026Z] >>> [apiv2][query] GET https://api.github.com/user [none]
[debug] [2021-09-03T16:03:05.617Z] <<< [apiv2][status] GET https://api.github.com/user 200
[debug] [2021-09-03T16:03:05.620Z] <<< [apiv2][body] GET https://api.github.com/user {"login":"prashantkhanal","id":41082769,"node_id":"MDQ6VXNlcjQxMDgyNzY5","avatar_url":"https://avatars.githubusercontent.com/u/41082769?v=4","gravatar_id":"","url":"https://api.github.com/users/prashantkhanal","html_url":"https://github.com/prashantkhanal","followers_url":"https://api.github.com/users/prashantkhanal/followers","following_url":"https://api.github.com/users/prashantkhanal/following{/other_user}","gists_url":"https://api.github.com/users/prashantkhanal/gists{/gist_id}","starred_url":"https://api.github.com/users/prashantkhanal/starred{/owner}{/repo}","subscriptions_url":"https://api.github.com/users/prashantkhanal/subscriptions","organizations_url":"https://api.github.com/users/prashantkhanal/orgs","repos_url":"https://api.github.com/users/prashantkhanal/repos","events_url":"https://api.github.com/users/prashantkhanal/events{/privacy}","received_events_url":"https://api.github.com/users/prashantkhanal/received_events","type":"User","site_admin":false,"name":null,"company":null,"blog":"","location":null,"email":null,"hireable":null,"bio":null,"twitter_username":null,"public_repos":32,"public_gists":0,"followers":1,"following":0,"created_at":"2018-07-10T18:31:30Z","updated_at":"2021-09-03T15:41:28Z","private_gists":0,"total_private_repos":16,"owned_private_repos":16,"disk_usage":169232,"collaborators":0,"two_factor_authentication":true,"plan":{"name":"free","space":976562499,"collaborators":0,"private_repos":10000}}
[info] 
[info] ✔  Success! Logged into GitHub as prashantkhanal 
[info] 
